<?xml version="1.0" encoding="UTF-8"?>
<testng-results skipped="0" failed="0" total="1" passed="1">
  <reporter-output>
  </reporter-output>
  <suite name="Practice" duration-ms="11228" started-at="2017-05-05T10:44:50Z" finished-at="2017-05-05T10:45:01Z">
    <groups>
    </groups>
    <test name="Command line test" duration-ms="11228" started-at="2017-05-05T10:44:50Z" finished-at="2017-05-05T10:45:01Z">
      <class name="Practice">
        <test-method status="PASS" signature="firstmethod()[pri:0, instance:Practice@1a6e353]" name="firstmethod" duration-ms="11228" started-at="2017-05-05T16:14:50Z" finished-at="2017-05-05T16:15:01Z">
          <reporter-output>
          </reporter-output>
        </test-method> <!-- firstmethod -->
      </class> <!-- Practice -->
    </test> <!-- Command line test -->
  </suite> <!-- Practice -->
</testng-results>
